<?xml version="1.0" encoding="UTF-8"?>
<!-- Generated by org.testng.reporters.JUnitReportReporter -->
<testsuite skipped="0" hostname="Dafnee" name="testcases.Testcase1" tests="2" failures="0" timestamp="2021-06-26T19:15:52 IST" time="65.108" errors="0">
  <testcase name="testCase" time="36.601" classname="testcases.Testcase1"/>
  <testcase name="testCase" time="28.507" classname="testcases.Testcase1"/>
</testsuite> <!-- testcases.Testcase1 -->
